<?xml version="1.0" encoding="UTF-8" standalone="no"?><testsuite errors="1" failures="0" name=": Comprar un producto en Swag Labs" skipped="0" tests="1" time="20.85" timestamp="2024-07-31 05:42:01"><testcase name=": Compra exitosa de un producto"><error message="WebDriver was unable to create a new instance of type class io.appium.java_client.AppiumDriver&#10;WebDriver reported the following message: Could not start a new session. Response code 500. Message: An unknown server-side error occurred while processing the command. Original error: Could not find a connected Android device in 20200ms. &#10;Host info: host: 'Macbook-Pro-ML-192544.local', ip: 'fe80:0:0:0:838:ba79:e885:b02e%en0'&#10;Build info: version: '4.12.1', revision: '8e34639b11'&#10;System info: os.name: 'Mac OS X', os.arch: 'aarch64', os.version: '14.5', java.version: '11.0.24'&#10;Driver info: io.appium.java_client.android.AndroidDriver&#10;Command: [null, newSession {capabilities=[{appium:appActivity=com.swaglabsmobileapp.MainActivity, appium:appPackage=com.swaglabsmobileapp, appium:automationName=UiAutomator2, appium:deviceName=moto_g52, appium:hub=http://127.0.0.1:4723/wd/hub, appium:noReset=true, platformName=ANDROID, appium:platformVersion='12', appium:udid=ZY22GKGKQV}], desiredCapabilities=Capabilities {appActivity: com.swaglabsmobileapp.MainA..., appPackage: com.swaglabsmobileapp, automationName: UiAutomator2, deviceName: moto_g52, hub: http://127.0.0.1:4723/wd/hub, noReset: true, platformName: ANDROID, platformVersion: '12', udid: ZY22GKGKQV}}]&#10;Capabilities {appActivity: com.swaglabsmobileapp.MainA..., appPackage: com.swaglabsmobileapp, automationName: UiAutomator2, deviceName: moto_g52, hub: http://127.0.0.1:4723/wd/hub, noReset: true, platformName: ANDROID, platformVersion: '12', udid: ZY22GKGKQV}&#10;See below for more details." type="net.thucydides.core.webdriver.DriverConfigurationError">WebDriver was unable to create a new instance of type class io.appium.java_client.AppiumDriver
WebDriver reported the following message: Could not start a new session. Response code 500. Message: An unknown server-side error occurred while processing the command. Original error: Could not find a connected Android device in 20200ms. 
Host info: host: 'Macbook-Pro-ML-192544.local', ip: 'fe80:0:0:0:838:ba79:e885:b02e%en0'
Build info: version: '4.12.1', revision: '8e34639b11'
System info: os.name: 'Mac OS X', os.arch: 'aarch64', os.version: '14.5', java.version: '11.0.24'
Driver info: io.appium.java_client.android.AndroidDriver
Command: [null, newSession {capabilities=[{appium:appActivity=com.swaglabsmobileapp.MainActivity, appium:appPackage=com.swaglabsmobileapp, appium:automationName=UiAutomator2, appium:deviceName=moto_g52, appium:hub=http://127.0.0.1:4723/wd/hub, appium:noReset=true, platformName=ANDROID, appium:platformVersion='12', appium:udid=ZY22GKGKQV}], desiredCapabilities=Capabilities {appActivity: com.swaglabsmobileapp.MainA..., appPackage: com.swaglabsmobileapp, automationName: UiAutomator2, deviceName: moto_g52, hub: http://127.0.0.1:4723/wd/hub, noReset: true, platformName: ANDROID, platformVersion: '12', udid: ZY22GKGKQV}}]
Capabilities {appActivity: com.swaglabsmobileapp.MainA..., appPackage: com.swaglabsmobileapp, automationName: UiAutomator2, deviceName: moto_g52, hub: http://127.0.0.1:4723/wd/hub, noReset: true, platformName: ANDROID, platformVersion: '12', udid: ZY22GKGKQV}
See below for more details.</error><system-err>WebDriver was unable to create a new instance of type class io.appium.java_client.AppiumDriver
WebDriver reported the following message: Could not start a new session. Response code 500. Message: An unknown server-side error occurred while processing the command. Original error: Could not find a connected Android device in 20200ms. 
Host info: host: 'Macbook-Pro-ML-192544.local', ip: 'fe80:0:0:0:838:ba79:e885:b02e%en0'
Build info: version: '4.12.1', revision: '8e34639b11'
System info: os.name: 'Mac OS X', os.arch: 'aarch64', os.version: '14.5', java.version: '11.0.24'
Driver info: io.appium.java_client.android.AndroidDriver
Command: [null, newSession {capabilities=[{appium:appActivity=com.swaglabsmobileapp.MainActivity, appium:appPackage=com.swaglabsmobileapp, appium:automationName=UiAutomator2, appium:deviceName=moto_g52, appium:hub=http://127.0.0.1:4723/wd/hub, appium:noReset=true, platformName=ANDROID, appium:platformVersion='12', appium:udid=ZY22GKGKQV}], desiredCapabilities=Capabilities {appActivity: com.swaglabsmobileapp.MainA..., appPackage: com.swaglabsmobileapp, automationName: UiAutomator2, deviceName: moto_g52, hub: http://127.0.0.1:4723/wd/hub, noReset: true, platformName: ANDROID, platformVersion: '12', udid: ZY22GKGKQV}}]
Capabilities {appActivity: com.swaglabsmobileapp.MainA..., appPackage: com.swaglabsmobileapp, automationName: UiAutomator2, deviceName: moto_g52, hub: http://127.0.0.1:4723/wd/hub, noReset: true, platformName: ANDROID, platformVersion: '12', udid: ZY22GKGKQV}
See below for more details.
net.thucydides.core.webdriver.WebDriverFactory.newWebdriverInstance(WebDriverFactory.java:152)
net.thucydides.core.webdriver.WebDriverFacade.newDriverInstance(WebDriverFacade.java:178)
net.thucydides.core.webdriver.WebDriverFacade.newProxyDriver(WebDriverFacade.java:169)
net.thucydides.core.webdriver.WebDriverFacade.getProxiedDriver(WebDriverFacade.java:120)
net.thucydides.core.webdriver.appium.AppiumConfiguration.getTargetPlatform(AppiumConfiguration.java:59)
net.thucydides.core.webdriver.ElementLocatorFactorySelector.platformFor(ElementLocatorFactorySelector.java:52)
net.thucydides.core.webdriver.ElementLocatorFactorySelector.getLocatorFor(ElementLocatorFactorySelector.java:42)
net.thucydides.core.webdriver.ElementLocatorFactorySelector.getLocatorFor(ElementLocatorFactorySelector.java:31)
net.thucydides.core.annotations.locators.SmartElementProxyCreator.proxyElements(SmartElementProxyCreator.java:21)
net.thucydides.core.webdriver.DefaultPageObjectInitialiser.apply(DefaultPageObjectInitialiser.java:20)
stepdefinitions.SwagLabsStepDefinitions.queHaIniciadoSesiónConElUsuarioYLaContraseña(SwagLabsStepDefinitions.java:19)
io.cucumber.java.Invoker.doInvoke(Invoker.java:66)
io.cucumber.java.Invoker.invoke(Invoker.java:24)
io.cucumber.java.AbstractGlueDefinition.invokeMethod(AbstractGlueDefinition.java:47)
io.cucumber.java.JavaStepDefinition.execute(JavaStepDefinition.java:29)
io.cucumber.core.runner.CoreStepDefinition.execute(CoreStepDefinition.java:66)
io.cucumber.core.runner.PickleStepDefinitionMatch.runStep(PickleStepDefinitionMatch.java:63)
io.cucumber.core.runner.TestStep.executeStep(TestStep.java:84)
io.cucumber.core.runner.TestStep.run(TestStep.java:56)
io.cucumber.core.runner.PickleStepTestStep.run(PickleStepTestStep.java:51)
io.cucumber.core.runner.TestCase.run(TestCase.java:84)
io.cucumber.core.runner.Runner.runPickle(Runner.java:75)
io.cucumber.core.runtime.CucumberExecutionContext.lambda$runTestCase$5(CucumberExecutionContext.java:137)
io.cucumber.core.runtime.RethrowingThrowableCollector.executeAndThrow(RethrowingThrowableCollector.java:23)
io.cucumber.core.runtime.CucumberExecutionContext.runTestCase(CucumberExecutionContext.java:137)
io.cucumber.junit.FeatureRunner.runChild(FeatureRunner.java:144)
io.cucumber.junit.FeatureRunner.runChild(FeatureRunner.java:28)
io.cucumber.junit.FeatureRunner.run(FeatureRunner.java:137)
io.cucumber.junit.CucumberSerenityBaseRunner.runChild(CucumberSerenityBaseRunner.java:330)
io.cucumber.junit.CucumberSerenityBaseRunner.runChild(CucumberSerenityBaseRunner.java:51)
worker.org.gradle.process.internal.worker.GradleWorkerMain.run(GradleWorkerMain.java:69)
worker.org.gradle.process.internal.worker.GradleWorkerMain.main(GradleWorkerMain.java:74)
</system-err></testcase></testsuite>